2023-12-20 13:22:10,106 - DEBUG - This is a debug message from the route
2023-12-20 13:23:00,659 - DEBUG - This is a debug message from the route
2023-12-20 13:23:00,659 - INFO - This is an info message
2023-12-20 13:23:00,660 - WARNING - This is a warning message
2023-12-20 13:23:00,660 - ERROR - This is an error message
2023-12-20 13:23:00,660 - CRITICAL - This is a critical message
2023-12-20 15:00:57,388 - INFO - This is an info message
2023-12-20 15:00:57,388 - WARNING - This is a warning message
2023-12-20 15:00:57,389 - ERROR - This is an error message
2023-12-20 15:00:57,389 - CRITICAL - This is a critical message
2023-12-20 15:04:36,555 - ERROR - This is an error message
2023-12-20 15:04:36,556 - CRITICAL - This is a critical message
2023-12-20 15:09:46,538 - DEBUG - This is a debug message from the route
2023-12-20 15:09:46,538 - INFO - This is an info message
2023-12-20 15:09:46,538 - WARNING - This is a warning message
2023-12-20 15:09:46,538 - ERROR - This is an error message
2023-12-20 15:09:46,538 - CRITICAL - This is a critical message
2023-12-20 15:10:12,060 - ERROR - This is an error message
2023-12-20 15:10:12,061 - CRITICAL - This is a critical message
2023-12-25 23:15:39,351 - DEBUG - This is a debug message from the route
2023-12-25 23:15:39,352 - INFO - This is an info message
2023-12-25 23:15:39,353 - WARNING - This is a warning message
2023-12-25 23:15:39,354 - ERROR - This is an error message
2023-12-25 23:15:39,354 - CRITICAL - This is a critical message
2023-12-25 23:15:45,665 - DEBUG - This is a debug message from the route
2023-12-25 23:15:45,666 - INFO - This is an info message
2023-12-25 23:15:45,666 - WARNING - This is a warning message
2023-12-25 23:15:45,667 - ERROR - This is an error message
2023-12-25 23:15:45,667 - CRITICAL - This is a critical message
2023-12-25 23:16:30,745 - DEBUG - This is a debug message from the route
2023-12-25 23:16:30,745 - INFO - This is an info message
2023-12-25 23:16:30,746 - WARNING - This is a warning message
2023-12-25 23:16:30,746 - ERROR - This is an error message
2023-12-25 23:16:30,747 - CRITICAL - This is a critical message
